<?xml version="1.0" encoding="UTF-8"?>
<!-- Generated by org.testng.reporters.JUnitReportReporter -->
<testsuite hostname="DESKTOP-M73D63C" failures="0" tests="1" name="com.project.component.GetStarted" time="40.494" errors="0" timestamp="17 Jul 2023 02:38:46 GMT" skipped="0">
  <testcase classname="com.project.component.GetStarted" name="GetStarted" time="40.494"/>
</testsuite> <!-- com.project.component.GetStarted -->
