<?xml version="1.0" encoding="UTF-8"?>
<!-- Generated by org.testng.reporters.JUnitReportReporter -->
<testsuite hostname="DESKTOP-M73D63C" failures="0" tests="1" name="com.nop.launch.SupportAndService" time="14.980" errors="0" timestamp="13 Jul 2023 11:23:28 GMT" skipped="0">
  <testcase classname="com.nop.launch.SupportAndService" name="support" time="14.980"/>
</testsuite> <!-- com.nop.launch.SupportAndService -->
