<?xml version="1.0" encoding="UTF-8"?>
<!-- Generated by org.testng.reporters.JUnitReportReporter -->
<testsuite hostname="DESKTOP-M73D63C" failures="0" tests="1" name="com.project.component.Partners" time="7.207" errors="0" timestamp="13 Jul 2023 11:23:28 GMT" skipped="0">
  <testcase classname="com.project.component.Partners" name="partners" time="7.207"/>
</testsuite> <!-- com.project.component.Partners -->
